                                 Started job on |	Apr 08 10:41:03
                             Started mapping on |	Apr 08 10:45:57
                                    Finished on |	Apr 08 10:49:29
       Mapping speed, Million of reads per hour |	265.30

                          Number of input reads |	15623085
                      Average input read length |	100
                                    UNIQUE READS:
                   Uniquely mapped reads number |	12415087
                        Uniquely mapped reads % |	79.47%
                          Average mapped length |	100.00
                       Number of splices: Total |	3800937
            Number of splices: Annotated (sjdb) |	3740736
                       Number of splices: GT/AG |	3773386
                       Number of splices: GC/AG |	25055
                       Number of splices: AT/AC |	2496
               Number of splices: Non-canonical |	0
                      Mismatch rate per base, % |	0.46%
                         Deletion rate per base |	0.01%
                        Deletion average length |	1.54
                        Insertion rate per base |	0.00%
                       Insertion average length |	1.37
                             MULTI-MAPPING READS:
        Number of reads mapped to multiple loci |	2345125
             % of reads mapped to multiple loci |	15.01%
        Number of reads mapped to too many loci |	10444
             % of reads mapped to too many loci |	0.07%
                                  UNMAPPED READS:
       % of reads unmapped: too many mismatches |	0.75%
                 % of reads unmapped: too short |	4.64%
                     % of reads unmapped: other |	0.06%
                                  CHIMERIC READS:
                       Number of chimeric reads |	0
                            % of chimeric reads |	0.00%
